          Line#        Address          Label         Opcode        Operand
          =====        =======          =====         ======        =======
              1          00000                                             
              2          00000                                             
              3          00000                                             
              4          00000                                             
              5          00000           prog          start              0
              6          00000          bsrch            EQU           6000
              7          00000           OFFB            EQU              8
              8          00000                          BASE          delta
              9          00000                           LDB         #delta
             10          00003                           lds             #3
             11          00006                          +ldx           @foo
             12          0000A                          +lda         beta,x
             13          0000E                           add          gamma
             14          00011                           ldx          @zeta
             15          00014          first           NORM               
             16          00015                           SVC             13
             17          00017                           HIO               
             18          00018                           ldt         #alpha
             19          0001B                          +ldt           #foo
             20          0001F                           lda         @alpha
             21          00022                           lda            foo
             22          00025                          addr            S,T
             23          00027                        shiftr            T,2
             24          00029                        shiftl            S,1
             25          0002B                          tixr              T
             26          0002D                             j          first
             27          00030                            +j          first
             28          00034                         Clear              T
             29          00036                          +ldt         #50000
             30          0003A                           ldx             #0
             31          0003D                         +jsub          bsrch
             32          00041           addl            lda        alpha,x
             33          00044                           add         beta,x
             34          00047                           sta        gamma,x
             35          0004A                          addr            s,t
             36          0004C                         compr            x,t
             37          0004E                          +jlt           addl
             38          00052                           jlt           addl
             39          00055                          rsub               
             40          00058                                             
             41          00058                                             
             42          00058          alpha           resw            100
             43          00184           beta           RESW            100
             44          002B0          gamma           resw            100
             45          003DC          delta           WORD             20
             46          003DF           zeta           BYTE         C'EOF'
             47          003E2            eta           byte      X'FFFFFE'
             48          003E5          theta           byte         c'eof'
             49          003E8         buffer           RESB           3000
             50          00FA0            foo           word              1
