          Line#        Address          Label         Opcode        Operand
          =====        =======          =====         ======        =======
              1          00000                                             
              2          00000                                             
              3          00000                                             
              4          00000                                             
              5          00000           prog          start              0
              6          00000          bsrch            EQU             14
              7          00000           OFFB            EQU              8
              8          00000                          BASE          delta
              9          00000                           LDB         #delta
             10          00003                           lds             #3
             11          00006                          +ldx           @foo
             12          0000A                          +lda         beta,x
             13          0000E                           add          gamma
             14          00011                           ldx          @zeta
             15          00014          first           NORM               
             16          00015                           SVC             13
             17          00017                           HIO               
             18          00018                           ldt         #alpha
             19          0001B                          +ldt           #foo
             20          0001F                           lda         @alpha
             21          00022                           lda           @foo
             22          00025                          addr            S,T
             23          00027                        shiftr            T,2
             24          00029                        shiftl            S,1
             25          0002B                          tixr              T
             26          0002D                             j          first
             27          00030                            +j          first
             28          00034                         Clear              T
             29          00036                          +ldt         #50000
             30          0003A                           ldx             #0
             31          0003D                          jsub          first
             32          00040           addl            lda        alpha,x
             33          00043                           add         beta,x
             34          00046                           sta        gamma,x
             35          00049                          addr            s,t
             36          0004B                         compr            x,t
             37          0004D                          +jlt           addl
             38          00051                           jlt           addl
             39          00054                          rsub               
             40          00057                                             
             41          00057                                             
             42          00057           test           byte       C'12345'
             43          0005C          test2           byte        x'007b'
             44          0005E          alpha           resw            100
             45          0018A           beta           RESW            100
             46          002B6          gamma           resw            100
             47          003E2          delta           WORD             20
             48          003E5           zeta           BYTE         C'EOF'
             49          003E8            eta           byte      X'FFFFFE'
             50          003EB          theta           bytec'Goodbye World!!!'
             51          003FB         buffer           RESB           3000
             52          00FB3            foo           word              1
             53          00FB6                           end           prog
