          Line#        Address          Label         Opcode        Operand
          =====        =======          =====         ======        =======
              1          00000                                             
              2          00000                                             
              3          00000                                             
              4          00000                                             
              5          00000           prog          start              0
              6          00000          bsrch            EQU           6000
              7          00000           OFFB            EQU              8
              8          00000                           lds             #3
              9          00003                          +ldx           @foo
             10          00007                          +lda         beta,x
             11          0000B                           add          gamma
             12          0000E                           ldx          @zeta
             13          00011          first           NORM               
             14          00012                           SVC             13
             15          00014                           HIO               
             16          00015                           ldt         #alpha
             17          00018                          +ldt           #foo
             18          0001C                           lda         @alpha
             19          0001F                           lda           @foo
             20          00022                          addr            S,T
             21          00024                        shiftr            T,2
             22          00026                        shiftl            S,1
             23          00028                          tixr              T
             24          0002A                             j          first
             25          0002D                            +j          first
             26          00031                         Clear              T
             27          00033                          +ldt         #50000
             28          00037                           ldx             #0
             29          0003A                         +jsub          bsrch
             30          0003E           addl            lda        alpha,x
             31          00041                           add         beta,x
             32          00044                           sta        gamma,x
             33          00047                          addr            s,t
             34          00049                         compr            x,t
             35          0004B                          +jlt           addl
             36          0004F                           jlt           addl
             37          00052                          rsub               
             38          00055                                             
             39          00055                                             
             40          00055          alpha           resw            100
             41          00181           beta           RESW            100
             42          002AD          gamma           resw            100
             43          003D9          delta           WORD             20
             44          003DC           zeta           BYTE         C'EOF'
             45          003DF            eta           byte      X'FFFFFE'
             46          003E2          theta           byte         c'eof'
             47          003E5         buffer           RESB           3000
             48          00F9D            foo           word            100
