          Line#        Address          Label         Opcode        Operand
          =====        =======          =====         ======        =======
              1          00000                                             
              2          00000                                             
              3          00000                                             
              4          00000                                             
              5          00000           prog          start          $1000
              6          01000          bsrch            EQU             14
              7          01000           OFFB            EQU              8
              8          01000                          BASE          delta
              9          01000                           LDB         #delta
             10          01003                           lds             #3
             11          01006                          +ldx           @foo
             12          0100A                          +lda         beta,x
             13          0100E                           add          gamma
             14          01011                           ldx          @zeta
             15          01014          first           NORM               
             16          01015                           SVC             13
             17          01017                           HIO               
             18          01018                           ldt         #alpha
             19          0101B                          +ldt           #foo
             20          0101F                           lda         @alpha
             21          01022                           lda           @foo
             22          01025                          addr            S,T
             23          01027                        shiftr            T,2
             24          01029                        shiftl            S,1
             25          0102B                          tixr              T
             26          0102D                             j          first
             27          01030                            +j          first
             28          01034                         Clear              T
             29          01036                          +ldt         #50000
             30          0103A                           ldx             #0
             31          0103D                          jsub          first
             32          01040           addl            lda        alpha,x
             33          01043                           add         beta,x
             34          01046                           sta        gamma,x
             35          01049                          addr            s,t
             36          0104B                         compr            x,t
             37          0104D                          +jlt           addl
             38          01051                           jlt           addl
             39          01054                          rsub               
             40          01057                                             
             41          01057                                             
             42          01057           test           byteC'Test program #1'
             43          01066          test2           byte        x'007b'
             44          01068          alpha           resw            100
             45          01194           beta           RESW            100
             46          012C0          gamma           resw            100
             47          013EC          delta           WORD             20
             48          013EF           zeta           BYTE         C'EOF'
             49          013F2            eta           byte      X'FFFFFE'
             50          013F5          theta           byte         c'eof'
             51          013F8         buffer           RESB           3000
             52          01FB0            foo           word              1
